15:39:36 | Info | 'В группе VKID: 359430019 Text: банан' | 
16:33:34 | Info | 'В группе VKID: 359430019 Text: банан 1' | 
16:33:39 | Info | 'В группе VKID: 359430019 Text: банан' | 
16:37:07 | Info | 'В группе VKID: 359430019 Text: банан 1' | 
16:37:34 | Info | 'В группе VKID: 359430019 Text: банан 1' | 
16:37:39 | Info | 'В группе VKID: 359430019 Text: банан' | 
16:38:09 | Info | 'В группе VKID: 359430019 Text: банан 1' | 
16:39:02 | Info | 'В группе VKID: 359430019 Text: банан 1' | 
16:40:16 | Info | 'В группе VKID: 359430019 Text: банан 1' | 
16:40:51 | Info | 'В группе VKID: 359430019 Text: банан 1' | 
16:43:13 | Info | 'В группе VKID: 359430019 Text: банан 1' | 
16:52:23 | Info | 'В группе VKID: 359430019 Text: банан' | 
16:53:25 | Info | 'В группе VKID: 359430019 Text: банан' | 
17:07:46 | Info | 'В группе VKID: 359430019 Text: банан' | 
17:08:21 | Info | 'В группе VKID: 359430019 Text: банан' | 
17:08:57 | Info | 'В группе VKID: 359430019 Text: банан' | 
19:15:19 | Info | 'В группе VKID: 359430019 Text: банан' | 
19:15:42 | Info | 'В группе VKID: 359430019 Text: банан' | 
19:17:08 | Info | 'В группе VKID: 359430019 Text: банан' | 
19:17:45 | Info | 'В группе VKID: 359430019 Text: банан' | 
19:18:19 | Info | 'В группе VKID: 359430019 Text: банан' | 
19:19:17 | Info | 'В группе VKID: 359430019 Text: банан' | 
19:19:56 | Info | 'В группе VKID: 359430019 Text: банан' | 
19:41:59 | Info | 'В группе VKID: 359430019 Text: f' | 
19:42:45 | Info | 'В группе VKID: 359430019 Text: f' | 
19:43:12 | Info | 'В группе VKID: 359430019 Text: f' | 
19:43:19 | Info | 'В группе VKID: 359430019 Text: о боте' | 
19:43:39 | Info | 'В группе VKID: 359430019 Text: sde' | 
19:44:56 | Info | 'В группе VKID: 359430019 Text: а' | 
19:45:00 | Info | 'В группе VKID: 359430019 Text: sde' | 
19:45:11 | Info | 'В группе VKID: 359430019 Text: sde' | 
20:05:24 | Info | 'В группе VKID: 359430019 Text: ф' | 
20:05:28 | Info | 'В группе VKID: 359430019 Text: банан' | 
